0 info it worked if it ends with ok
1 verbose cli [ 'node', '/usr/local/bin/npm', 'install', '-g', 'easymock' ]
2 info using npm@1.4.28
3 info using node@v0.10.33
4 verbose cache add [ 'easymock', null ]
5 verbose cache add name=undefined spec="easymock" args=["easymock",null]
6 verbose parsed url { protocol: null,
6 verbose parsed url   slashes: null,
6 verbose parsed url   auth: null,
6 verbose parsed url   host: null,
6 verbose parsed url   port: null,
6 verbose parsed url   hostname: null,
6 verbose parsed url   hash: null,
6 verbose parsed url   search: null,
6 verbose parsed url   query: null,
6 verbose parsed url   pathname: 'easymock',
6 verbose parsed url   path: 'easymock',
6 verbose parsed url   href: 'easymock' }
7 silly lockFile 5714fdd0-easymock easymock
8 verbose lock easymock /Users/lia/.npm/5714fdd0-easymock.lock
9 silly lockFile 5714fdd0-easymock easymock
10 silly lockFile 5714fdd0-easymock easymock
11 verbose addNamed [ 'easymock', '' ]
12 verbose addNamed [ null, '*' ]
13 silly lockFile 06a79a89-easymock easymock@
14 verbose lock easymock@ /Users/lia/.npm/06a79a89-easymock.lock
15 silly addNameRange { name: 'easymock', range: '*', hasData: false }
16 verbose request where is /easymock
17 verbose request registry https://registry.npmjs.org/
18 verbose request id 54f53cfcb06e474d
19 verbose url raw /easymock
20 verbose url resolving [ 'https://registry.npmjs.org/', './easymock' ]
21 verbose url resolved https://registry.npmjs.org/easymock
22 verbose request where is https://registry.npmjs.org/easymock
23 info trying registry request attempt 1 at 20:47:35
24 http GET https://registry.npmjs.org/easymock
25 http 200 https://registry.npmjs.org/easymock
26 silly registry.get cb [ 200,
26 silly registry.get   { date: 'Mon, 10 Nov 2014 11:47:36 GMT',
26 silly registry.get     server: 'CouchDB/1.5.0 (Erlang OTP/R14B04)',
26 silly registry.get     etag: '"9212Z3RCY6KYZLV0M6QXTBMR1"',
26 silly registry.get     'content-type': 'application/json',
26 silly registry.get     'cache-control': 'max-age=60',
26 silly registry.get     'content-length': '22115',
26 silly registry.get     'accept-ranges': 'bytes',
26 silly registry.get     via: '1.1 varnish',
26 silly registry.get     age: '0',
26 silly registry.get     'x-served-by': 'cache-ty68-TYO',
26 silly registry.get     'x-cache': 'MISS',
26 silly registry.get     'x-cache-hits': '0',
26 silly registry.get     'x-timer': 'S1415620055.764781,VS0,VE372',
26 silly registry.get     vary: 'Accept',
26 silly registry.get     'keep-alive': 'timeout=10, max=50',
26 silly registry.get     connection: 'Keep-Alive' } ]
27 silly addNameRange number 2 { name: 'easymock', range: '*', hasData: true }
28 silly addNameRange versions [ 'easymock',
28 silly addNameRange   [ '0.1.0',
28 silly addNameRange     '0.1.1',
28 silly addNameRange     '0.1.2',
28 silly addNameRange     '0.1.3',
28 silly addNameRange     '0.1.4',
28 silly addNameRange     '0.1.5',
28 silly addNameRange     '0.1.6',
28 silly addNameRange     '0.2.0',
28 silly addNameRange     '0.2.1',
28 silly addNameRange     '0.2.2',
28 silly addNameRange     '0.2.3',
28 silly addNameRange     '0.2.4',
28 silly addNameRange     '0.2.5',
28 silly addNameRange     '0.2.6' ] ]
29 verbose addNamed [ 'easymock', '0.2.6' ]
30 verbose addNamed [ '0.2.6', '0.2.6' ]
31 silly lockFile ac2b7289-easymock-0-2-6 easymock@0.2.6
32 verbose lock easymock@0.2.6 /Users/lia/.npm/ac2b7289-easymock-0-2-6.lock
33 silly lockFile 5a752872--org-easymock-easymock-0-2-6-tgz https://registry.npmjs.org/easymock/-/easymock-0.2.6.tgz
34 verbose lock https://registry.npmjs.org/easymock/-/easymock-0.2.6.tgz /Users/lia/.npm/5a752872--org-easymock-easymock-0-2-6-tgz.lock
35 verbose addRemoteTarball [ 'https://registry.npmjs.org/easymock/-/easymock-0.2.6.tgz',
35 verbose addRemoteTarball   'da10e185e2668135753f2d0f4ce345d3a21898d5' ]
36 info retry fetch attempt 1 at 20:47:36
37 verbose fetch to= /var/folders/gn/x919qznx1791q7jjtbw_x6480000gn/T/npm-654-S05VUukq/registry.npmjs.org/easymock/-/easymock-0.2.6.tgz
38 http GET https://registry.npmjs.org/easymock/-/easymock-0.2.6.tgz
39 http 200 https://registry.npmjs.org/easymock/-/easymock-0.2.6.tgz
40 silly lockFile 5a752872--org-easymock-easymock-0-2-6-tgz https://registry.npmjs.org/easymock/-/easymock-0.2.6.tgz
41 silly lockFile 5a752872--org-easymock-easymock-0-2-6-tgz https://registry.npmjs.org/easymock/-/easymock-0.2.6.tgz
42 silly lockFile ac2b7289-easymock-0-2-6 easymock@0.2.6
43 silly lockFile ac2b7289-easymock-0-2-6 easymock@0.2.6
44 silly lockFile 06a79a89-easymock easymock@
45 silly lockFile 06a79a89-easymock easymock@
46 silly resolved [ { name: 'easymock',
46 silly resolved     description: 'Easy to use mock server that supports templates and routes.',
46 silly resolved     keywords: [ 'server', 'mock', 'routes', 'proxy' ],
46 silly resolved     author: { name: 'Patrick Boos', email: 'mail@pboos.ch' },
46 silly resolved     repository:
46 silly resolved      { type: 'git',
46 silly resolved        url: 'git://github.com/cyberagent/node-easymock.git' },
46 silly resolved     version: '0.2.6',
46 silly resolved     main: 'index',
46 silly resolved     bin: { easymock: './bin/easymock' },
46 silly resolved     scripts: { test: 'make tests' },
46 silly resolved     dependencies:
46 silly resolved      { express: '3.1.0',
46 silly resolved        'http-proxy': '0.10.3',
46 silly resolved        jade: '0.27.7',
46 silly resolved        underscore: '1.4.2',
46 silly resolved        broware: '0.1.0',
46 silly resolved        sqlite3: '2.2.3',
46 silly resolved        moment: '2.0.0',
46 silly resolved        marked: '0.2.10',
46 silly resolved        commander: '2.1.0' },
46 silly resolved     devDependencies:
46 silly resolved      { chai: '1.1.0',
46 silly resolved        mocha: '1.2.2',
46 silly resolved        'coffee-script': '1.3.3',
46 silly resolved        underscore: '1.4.2',
46 silly resolved        request: '2.14.0' },
46 silly resolved     bugs: { url: 'https://github.com/cyberagent/node-easymock/issues' },
46 silly resolved     homepage: 'https://github.com/cyberagent/node-easymock',
46 silly resolved     _id: 'easymock@0.2.6',
46 silly resolved     dist:
46 silly resolved      { shasum: 'da10e185e2668135753f2d0f4ce345d3a21898d5',
46 silly resolved        tarball: 'http://registry.npmjs.org/easymock/-/easymock-0.2.6.tgz' },
46 silly resolved     _from: 'easymock@',
46 silly resolved     _npmVersion: '1.3.21',
46 silly resolved     _npmUser: { name: 'pboos', email: 'patrickboos85@gmail.com' },
46 silly resolved     maintainers: [ [Object] ],
46 silly resolved     directories: {},
46 silly resolved     _shasum: 'da10e185e2668135753f2d0f4ce345d3a21898d5',
46 silly resolved     _resolved: 'https://registry.npmjs.org/easymock/-/easymock-0.2.6.tgz' } ]
47 info install easymock@0.2.6 into /usr/local/lib
48 info installOne easymock@0.2.6
49 verbose lib/node_modules/easymock unbuild
50 verbose tar unpack /Users/lia/.npm/easymock/0.2.6/package.tgz
51 silly lockFile f31bb6cc--local-lib-node-modules-easymock tar:///usr/local/lib/node_modules/easymock
52 verbose lock tar:///usr/local/lib/node_modules/easymock /Users/lia/.npm/f31bb6cc--local-lib-node-modules-easymock.lock
53 silly lockFile 23be3411-a-npm-easymock-0-2-6-package-tgz tar:///Users/lia/.npm/easymock/0.2.6/package.tgz
54 verbose lock tar:///Users/lia/.npm/easymock/0.2.6/package.tgz /Users/lia/.npm/23be3411-a-npm-easymock-0-2-6-package-tgz.lock
55 silly gunzTarPerm modes [ '755', '644' ]
56 error Error: EACCES, mkdir '/usr/local/lib/node_modules/easymock'
56 error  { [Error: EACCES, mkdir '/usr/local/lib/node_modules/easymock']
56 error   errno: 3,
56 error   code: 'EACCES',
56 error   path: '/usr/local/lib/node_modules/easymock',
56 error   fstream_type: 'Directory',
56 error   fstream_path: '/usr/local/lib/node_modules/easymock',
56 error   fstream_class: 'DirWriter',
56 error   fstream_stack:
56 error    [ '/usr/local/lib/node_modules/npm/node_modules/fstream/lib/dir-writer.js:36:23',
56 error      '/usr/local/lib/node_modules/npm/node_modules/mkdirp/index.js:46:53',
56 error      'Object.oncomplete (fs.js:107:15)' ] }
57 error Please try running this command again as root/Administrator.
58 error System Darwin 13.3.0
59 error command "node" "/usr/local/bin/npm" "install" "-g" "easymock"
60 error cwd /Users/lia/Projects/k2amj2ik.github.io/angular/todo-template
61 error node -v v0.10.33
62 error npm -v 1.4.28
63 error path /usr/local/lib/node_modules/easymock
64 error fstream_path /usr/local/lib/node_modules/easymock
65 error fstream_type Directory
66 error fstream_class DirWriter
67 error code EACCES
68 error errno 3
69 error stack Error: EACCES, mkdir '/usr/local/lib/node_modules/easymock'
70 error fstream_stack /usr/local/lib/node_modules/npm/node_modules/fstream/lib/dir-writer.js:36:23
70 error fstream_stack /usr/local/lib/node_modules/npm/node_modules/mkdirp/index.js:46:53
70 error fstream_stack Object.oncomplete (fs.js:107:15)
71 verbose exit [ 3, true ]
